This is e-pTeX, Version 3.14159265-p3.7.1-161114-2.6 (utf8.euc) (TeX Live 2017) (preloaded format=platex 2018.1.26)  30 JAN 2018 11:28
entering extended mode
 restricted \write18 enabled.
 file:line:error style messages enabled.
 %&-line parsing enabled.
**final-report.tex
(./final-report.tex
pLaTeX2e <2017/10/28>+3 (based on LaTeX2e <2017-04-15>)
Babel <3.16> and hyphenation patterns for 84 language(s) loaded.
(/usr/local/texlive/2017/texmf-dist/tex/platex/base/jarticle.cls
Document Class: jarticle 2017/09/19 v1.7g Standard pLaTeX class
\c@@paper=\count82
(/usr/local/texlive/2017/texmf-dist/tex/platex/base/jsize10.clo
File: jsize10.clo 2017/09/19 v1.7g Standard pLaTeX file (size option)
)
\c@part=\count83
\c@section=\count84
\c@subsection=\count85
\c@subsubsection=\count86
\c@paragraph=\count87
\c@subparagraph=\count88
\c@figure=\count89
\c@table=\count90
\abovecaptionskip=\skip41
\belowcaptionskip=\skip42
\symmincho=\mathgroup4
LaTeX Font Info:    Overwriting symbol font `mincho' in version `bold'
(Font)                  JY1/mc/m/n --> JY1/gt/m/n on input line 613.
\toclineskip=\dimen118
\@lnumwidth=\dimen119
\bibindent=\dimen120
\heisei=\count91
)
(/usr/local/texlive/2017/texmf-dist/tex/latex/url/url.sty
\Urlmuskip=\muskip10
Package: url 2013/09/16  ver 3.4  Verb mode for urls, etc.
) (./final-report.aux)
\openout1 = `final-report.aux'.

LaTeX Font Info:    Checking defaults for OML/cmm/m/it on input line 15.
LaTeX Font Info:    ... okay on input line 15.
LaTeX Font Info:    Checking defaults for T1/cmr/m/n on input line 15.
LaTeX Font Info:    ... okay on input line 15.
LaTeX Font Info:    Checking defaults for OT1/cmr/m/n on input line 15.
LaTeX Font Info:    ... okay on input line 15.
LaTeX Font Info:    Checking defaults for OMS/cmsy/m/n on input line 15.
LaTeX Font Info:    ... okay on input line 15.
LaTeX Font Info:    Checking defaults for OMX/cmex/m/n on input line 15.
LaTeX Font Info:    ... okay on input line 15.
LaTeX Font Info:    Checking defaults for U/cmr/m/n on input line 15.
LaTeX Font Info:    ... okay on input line 15.
LaTeX Font Info:    Checking defaults for JY1/mc/m/n on input line 15.
LaTeX Font Info:    ... okay on input line 15.
LaTeX Font Info:    Checking defaults for JT1/mc/m/n on input line 15.
LaTeX Font Info:    ... okay on input line 15.
LaTeX Font Info:    External font `cmex10' loaded for size
(Font)              <12> on input line 17.
LaTeX Font Info:    External font `cmex10' loaded for size
(Font)              <8> on input line 17.
LaTeX Font Info:    External font `cmex10' loaded for size
(Font)              <6> on input line 17.
LaTeX Font Info:    Font shape `JT1/mc/bx/n' in size <14.4> not available
(Font)              Font shape `JT1/gt/m/n' tried instead on input line 19.
LaTeX Font Info:    Font shape `JY1/mc/bx/n' in size <14.4> not available
(Font)              Font shape `JY1/gt/m/n' tried instead on input line 19.
LaTeX Font Info:    Font shape `JT1/mc/bx/n' in size <12> not available
(Font)              Font shape `JT1/gt/m/n' tried instead on input line 27.
LaTeX Font Info:    Font shape `JY1/mc/bx/n' in size <12> not available
(Font)              Font shape `JY1/gt/m/n' tried instead on input line 27.
LaTeX Font Info:    Try loading font information for OMS+cmr on input line 41.
(/usr/local/texlive/2017/texmf-dist/tex/latex/base/omscmr.fd
File: omscmr.fd 2014/09/29 v2.5h Standard LaTeX font definitions
)
LaTeX Font Info:    Font shape `OMS/cmr/m/n' in size <10> not available
(Font)              Font shape `OMS/cmsy/m/n' tried instead on input line 41.
 [1

]
LaTeX Font Info:    External font `cmex10' loaded for size
(Font)              <7> on input line 68.
LaTeX Font Info:    External font `cmex10' loaded for size
(Font)              <5> on input line 68.
 [2] [3]
[4]
LaTeX Font Info:    Font shape `JT1/mc/bx/n' in size <10> not available
(Font)              Font shape `JT1/gt/m/n' tried instead on input line 211.
LaTeX Font Info:    Font shape `JY1/mc/bx/n' in size <10> not available
(Font)              Font shape `JY1/gt/m/n' tried instead on input line 211.
 [5] [6] [7] [8] [9] [10]
Overfull \hbox (54.00148pt too wide) in paragraph at lines 860--860
[]   \OT1/cmtt/m/n/10 168   snprintf(s, MAX_LINE_LEN,"Id    : %d\nName  : %s\nB
irth : %s\nAddr  : %s\nCom.  : %s\n",[] 
 []

[11] [12]
Overfull \hbox (1.8025pt too wide) in paragraph at lines 860--860
[]   \OT1/cmtt/m/n/10 219     snprintf(s, MAX_LINE_LEN, "\JY1/mc/m/n/10 フ ァ 
イルがありません ， フ ァ イル名を確認してください ． \OT1/cmtt/m/n/10 \n");[] 

 []

[13] [14]
Overfull \hbox (1.50194pt too wide) in paragraph at lines 860--860
[]   \OT1/cmtt/m/n/10 309        p->id, p->name, date_to_string(date, &p->birth
day), p->home, p->comment);[] 
 []

[15] [16] [17] [18]
Overfull \hbox (103.27722pt too wide) in paragraph at lines 860--860
[]   \OT1/cmtt/m/n/10 474     snprintf(s, MAX_LINE_LEN, "\JY1/mc/m/n/10 登録件
数は\OT1/cmtt/m/n/10 %d \JY1/mc/m/n/10 件です． 正しい引数を入力してください ．
 \OT1/cmtt/m/n/10 \n",profile_data_nitems);[] 
 []

[19]
Overfull \hbox (18.07985pt too wide) in paragraph at lines 860--860
\OT1/cmtt/m/n/10 (Quit)\n%%C      |\JY1/mc/m/n/10 登録件数などの表示 \OT1/cmtt/
m/n/10 (Check)\n%%P n    |\JY1/mc/m/n/10 先頭から \OT1/cmtt/m/n/10 n \JY1/mc/m/
n/10 件表示 \OT1/cmtt/m/n/10 (Print)\n%%R file |file
 []


Overfull \hbox (11.74097pt too wide) in paragraph at lines 860--860
\JY1/mc/m/n/10 から読み込み \OT1/cmtt/m/n/10 (Read)\n%%W file |file \JY1/mc/m/n
/10 へ書き出し \OT1/cmtt/m/n/10 (Write)\n%%F word |word \JY1/mc/m/n/10 を検索 \
OT1/cmtt/m/n/10 (Find)\n%%S n    |
 []


Overfull \hbox (0.39095pt too wide) in paragraph at lines 860--860
[]   \OT1/cmtt/m/n/10 535   case 'Q': cmd_quit(param, new_s); break; //--------
---------[10] -a \JY1/mc/m/n/10 コマンド以外
 []


Overfull \hbox (7.30746pt too wide) in paragraph at lines 860--860
[]   \OT1/cmtt/m/n/10 544   case 'B': cmd_back(new_s); break; //---------------
---------[26] case2(D) \JY1/mc/m/n/10 以外 \OT1/cmtt/m/n/10 ok[] 
 []

[20]
Overfull \hbox (12.00185pt too wide) in paragraph at lines 860--860
[]   \OT1/cmtt/m/n/10 568   }/* else if (new_profile(&profile_data_store[profil
e_data_nitems], line)!=NULL){[] 
 []

[21] [22]
Overfull \hbox (43.50157pt too wide) in paragraph at lines 1027--1027
[]    \OT1/cmtt/m/n/10 73   memcpy((char*)&client_addr.sin_addr, (char*)hostnam
e -> h_addr, hostname -> h_length);[] 
 []


Overfull \hbox (1.50194pt too wide) in paragraph at lines 1027--1027
[]    \OT1/cmtt/m/n/10 76   if(connect(sockfd, (struct sockaddr *)&client_addr,
 sizeof(client_addr)) < 0){[] 
 []

[23] [24] [25]
Overfull \hbox (27.75171pt too wide) in paragraph at lines 1153--1153
[]    \OT1/cmtt/m/n/10 36   ret = setsockopt(sockfd, SOL_SOCKET, SO_REUSEADDR,(
const char *)&yes, sizeof(yes));[] 
 []

[26] [27] [28] (./final-report.aux) ) 
Here is how much of TeX's memory you used:
 394 strings out of 493638
 4455 string characters out of 6148680
 73298 words of memory out of 5000000
 4060 multiletter control sequences out of 15000+600000
 13871 words of font info for 54 fonts, out of 8000000 for 9000
 929 hyphenation exceptions out of 8191
 22i,8n,20p,665b,320s stack positions out of 5000i,500n,10000p,200000b,80000s

Output written on final-report.dvi (28 pages, 55120 bytes).
